z:\tmp~1\first\debug\first.obj
z:\tmp~1\first\debug\vc100.pdb
z:\tmp~1\first\debug\first.pdb
c:\users\phil\downloads\first\first\debug\vc141.pdb
c:\users\phil\downloads\first\first\debug\vc141.idb
c:\users\phil\downloads\first\first\debug\first.obj
c:\users\phil\downloads\first\first\debug\first.ilk
c:\users\phil\downloads\first\first\debug\first.exe
c:\users\phil\downloads\first\first\debug\first.pdb
c:\users\phil\desktop\first\debug\first.vcxprojresolveassemblyreference.cache
c:\users\phil\desktop\first\debug\first.ilk
c:\users\phil\desktop\first\debug\cl.command.1.tlog
c:\users\phil\desktop\first\debug\cl.read.1.tlog
c:\users\phil\desktop\first\debug\cl.write.1.tlog
c:\users\phil\desktop\first\debug\first.write.1.tlog
c:\users\phil\desktop\first\debug\link-cvtres.read.1.tlog
c:\users\phil\desktop\first\debug\link-cvtres.write.1.tlog
c:\users\phil\desktop\first\debug\link.command.1.tlog
c:\users\phil\desktop\first\debug\link.read.1.tlog
c:\users\phil\desktop\first\debug\link.write.1.tlog
c:\users\phil\desktop\first\debug\mt.command.1.tlog
c:\users\phil\desktop\first\debug\mt.read.1.tlog
c:\users\phil\desktop\first\debug\mt.write.1.tlog
c:\users\phil\desktop\first\debug\rc.command.1.tlog
c:\users\phil\desktop\first\debug\rc.read.1.tlog
c:\users\phil\desktop\first\debug\rc.write.1.tlog
c:\users\phil\desktop\first\debug\first.exe.embed.manifest
c:\users\phil\desktop\first\debug\first.exe.intermediate.manifest
c:\users\phil\desktop\first\debug\first.exe.embed.manifest.res
c:\users\phil\desktop\first\debug\vc100.idb
c:\users\phil\desktop\first\debug\vc141.idb
c:\users\phil\desktop\first\debug\first.pdb
c:\users\phil\desktop\first\debug\vc100.pdb
c:\users\phil\desktop\first\debug\vc141.pdb
c:\users\phil\desktop\first\debug\first_manifest.rc
c:\users\phil\desktop\first\debug\first.exe
c:\users\phil\desktop\first\debug\first.tlog\cl.command.1.tlog
c:\users\phil\desktop\first\debug\first.tlog\cl.read.1.tlog
c:\users\phil\desktop\first\debug\first.tlog\cl.write.1.tlog
c:\users\phil\desktop\first\debug\first.tlog\link.command.1.tlog
c:\users\phil\desktop\first\debug\first.tlog\link.delete.1.tlog
c:\users\phil\desktop\first\debug\first.tlog\link.read.1.tlog
c:\users\phil\desktop\first\debug\first.tlog\link.write.1.tlog
